<?xml version="1.0" encoding="UTF-8"?>
<testng-results skipped="0" failed="0" total="1" passed="1">
  <reporter-output>
  </reporter-output>
  <suite name="pro.GetTest" duration-ms="1485" started-at="2018-04-16T11:21:23Z" finished-at="2018-04-16T11:21:24Z">
    <groups>
    </groups>
    <test name="Command line test" duration-ms="1485" started-at="2018-04-16T11:21:23Z" finished-at="2018-04-16T11:21:24Z">
      <class name="pro.GetTest">
        <test-method status="PASS" signature="getTest()[pri:0, instance:pro.GetTest@1e643faf]" name="getTest" duration-ms="1475" started-at="2018-04-16T16:51:23Z" finished-at="2018-04-16T16:51:24Z">
          <reporter-output>
          </reporter-output>
        </test-method> <!-- getTest -->
      </class> <!-- pro.GetTest -->
    </test> <!-- Command line test -->
  </suite> <!-- pro.GetTest -->
</testng-results>
