<?xml version="1.0" encoding="UTF-8"?>
<testng-results skipped="0" failed="0" total="1" passed="1">
  <reporter-output>
  </reporter-output>
  <suite name="Default suite" duration-ms="2215" started-at="2018-04-23T09:43:54Z" finished-at="2018-04-23T09:43:57Z">
    <groups>
    </groups>
    <test name="Default test" duration-ms="2215" started-at="2018-04-23T09:43:54Z" finished-at="2018-04-23T09:43:57Z">
      <class name="pro.GetTest">
        <test-method status="PASS" signature="getTest()[pri:0, instance:pro.GetTest@3c756e4d]" name="getTest" duration-ms="2201" started-at="2018-04-23T15:13:54Z" finished-at="2018-04-23T15:13:57Z">
          <reporter-output>
          </reporter-output>
        </test-method> <!-- getTest -->
      </class> <!-- pro.GetTest -->
    </test> <!-- Default test -->
  </suite> <!-- Default suite -->
</testng-results>
